SyntaxError: "[object Object]" is not valid JSON
    at JSON.parse (<anonymous>)
    at parse (D:\SewNova\backend\payment-service\node_modules\body-parser\lib\types\json.js:77:19)
    at D:\SewNova\backend\payment-service\node_modules\body-parser\lib\read.js:123:18
    at AsyncResource.runInAsyncScope (node:async_hooks:211:14)
    at invokeCallback (D:\SewNova\backend\payment-service\node_modules\raw-body\index.js:238:16)
    at done (D:\SewNova\backend\payment-service\node_modules\raw-body\index.js:227:7)
    at IncomingMessage.onEnd (D:\SewNova\backend\payment-service\node_modules\raw-body\index.js:287:7)
    at IncomingMessage.emit (node:events:518:28)
    at endReadableNT (node:internal/streams/readable:1698:12)
    at process.processTicksAndRejections (node:internal/process/task_queues:90:21)
SyntaxError: "[object Object]" is not valid JSON
    at JSON.parse (<anonymous>)
    at parse (D:\SewNova\backend\payment-service\node_modules\body-parser\lib\types\json.js:77:19)
    at D:\SewNova\backend\payment-service\node_modules\body-parser\lib\read.js:123:18
    at AsyncResource.runInAsyncScope (node:async_hooks:211:14)
    at invokeCallback (D:\SewNova\backend\payment-service\node_modules\raw-body\index.js:238:16)
    at done (D:\SewNova\backend\payment-service\node_modules\raw-body\index.js:227:7)
    at IncomingMessage.onEnd (D:\SewNova\backend\payment-service\node_modules\raw-body\index.js:287:7)
    at IncomingMessage.emit (node:events:518:28)
    at endReadableNT (node:internal/streams/readable:1698:12)
    at process.processTicksAndRejections (node:internal/process/task_queues:90:21)
SyntaxError: "[object Object]" is not valid JSON
    at JSON.parse (<anonymous>)
    at parse (D:\SewNova\backend\payment-service\node_modules\body-parser\lib\types\json.js:77:19)
    at D:\SewNova\backend\payment-service\node_modules\body-parser\lib\read.js:123:18
    at AsyncResource.runInAsyncScope (node:async_hooks:211:14)
    at invokeCallback (D:\SewNova\backend\payment-service\node_modules\raw-body\index.js:238:16)
    at done (D:\SewNova\backend\payment-service\node_modules\raw-body\index.js:227:7)
    at IncomingMessage.onEnd (D:\SewNova\backend\payment-service\node_modules\raw-body\index.js:287:7)
    at IncomingMessage.emit (node:events:518:28)
    at endReadableNT (node:internal/streams/readable:1698:12)
    at process.processTicksAndRejections (node:internal/process/task_queues:90:21)
SyntaxError: "[object Object]" is not valid JSON
    at JSON.parse (<anonymous>)
    at parse (D:\SewNova\backend\payment-service\node_modules\body-parser\lib\types\json.js:77:19)
    at D:\SewNova\backend\payment-service\node_modules\body-parser\lib\read.js:123:18
    at AsyncResource.runInAsyncScope (node:async_hooks:211:14)
    at invokeCallback (D:\SewNova\backend\payment-service\node_modules\raw-body\index.js:238:16)
    at done (D:\SewNova\backend\payment-service\node_modules\raw-body\index.js:227:7)
    at IncomingMessage.onEnd (D:\SewNova\backend\payment-service\node_modules\raw-body\index.js:287:7)
    at IncomingMessage.emit (node:events:518:28)
    at endReadableNT (node:internal/streams/readable:1698:12)
    at process.processTicksAndRejections (node:internal/process/task_queues:90:21)
createOrder error: Error: Razorpay keys missing: set RAZORPAY_KEY_ID and RAZORPAY_KEY_SECRET in environment
    at getRazorpay (D:\SewNova\backend\payment-service\config\razorpay.js:8:11)
    at exports.createOrder (D:\SewNova\backend\payment-service\controllers\paymentController.js:24:22)
    at Layer.handleRequest (D:\SewNova\backend\payment-service\node_modules\router\lib\layer.js:152:17)
    at next (D:\SewNova\backend\payment-service\node_modules\router\lib\route.js:157:13)
    at Route.dispatch (D:\SewNova\backend\payment-service\node_modules\router\lib\route.js:117:3)
    at handle (D:\SewNova\backend\payment-service\node_modules\router\index.js:435:11)
    at Layer.handleRequest (D:\SewNova\backend\payment-service\node_modules\router\lib\layer.js:152:17)
    at D:\SewNova\backend\payment-service\node_modules\router\index.js:295:15
    at processParams (D:\SewNova\backend\payment-service\node_modules\router\index.js:582:12)
    at next (D:\SewNova\backend\payment-service\node_modules\router\index.js:291:5)
createOrder error: Error: Razorpay keys missing: set RAZORPAY_KEY_ID and RAZORPAY_KEY_SECRET in environment
    at getRazorpay (D:\SewNova\backend\payment-service\config\razorpay.js:8:11)
    at exports.createOrder (D:\SewNova\backend\payment-service\controllers\paymentController.js:24:22)
    at Layer.handleRequest (D:\SewNova\backend\payment-service\node_modules\router\lib\layer.js:152:17)
    at next (D:\SewNova\backend\payment-service\node_modules\router\lib\route.js:157:13)
    at Route.dispatch (D:\SewNova\backend\payment-service\node_modules\router\lib\route.js:117:3)
    at handle (D:\SewNova\backend\payment-service\node_modules\router\index.js:435:11)
    at Layer.handleRequest (D:\SewNova\backend\payment-service\node_modules\router\lib\layer.js:152:17)
    at D:\SewNova\backend\payment-service\node_modules\router\index.js:295:15
    at processParams (D:\SewNova\backend\payment-service\node_modules\router\index.js:582:12)
    at next (D:\SewNova\backend\payment-service\node_modules\router\index.js:291:5)
createOrder error: Error: Razorpay keys missing: set RAZORPAY_KEY_ID and RAZORPAY_KEY_SECRET in environment
    at getRazorpay (D:\SewNova\backend\payment-service\config\razorpay.js:8:11)
    at exports.createOrder (D:\SewNova\backend\payment-service\controllers\paymentController.js:24:22)
    at Layer.handleRequest (D:\SewNova\backend\payment-service\node_modules\router\lib\layer.js:152:17)
    at next (D:\SewNova\backend\payment-service\node_modules\router\lib\route.js:157:13)
    at Route.dispatch (D:\SewNova\backend\payment-service\node_modules\router\lib\route.js:117:3)
    at handle (D:\SewNova\backend\payment-service\node_modules\router\index.js:435:11)
    at Layer.handleRequest (D:\SewNova\backend\payment-service\node_modules\router\lib\layer.js:152:17)
    at D:\SewNova\backend\payment-service\node_modules\router\index.js:295:15
    at processParams (D:\SewNova\backend\payment-service\node_modules\router\index.js:582:12)
    at next (D:\SewNova\backend\payment-service\node_modules\router\index.js:291:5)
createOrder error: Error: Razorpay keys missing: set RAZORPAY_KEY_ID and RAZORPAY_KEY_SECRET in environment
    at getRazorpay (D:\SewNova\backend\payment-service\config\razorpay.js:8:11)
    at exports.createOrder (D:\SewNova\backend\payment-service\controllers\paymentController.js:24:22)
    at Layer.handleRequest (D:\SewNova\backend\payment-service\node_modules\router\lib\layer.js:152:17)
    at next (D:\SewNova\backend\payment-service\node_modules\router\lib\route.js:157:13)
    at Route.dispatch (D:\SewNova\backend\payment-service\node_modules\router\lib\route.js:117:3)
    at handle (D:\SewNova\backend\payment-service\node_modules\router\index.js:435:11)
    at Layer.handleRequest (D:\SewNova\backend\payment-service\node_modules\router\lib\layer.js:152:17)
    at D:\SewNova\backend\payment-service\node_modules\router\index.js:295:15
    at processParams (D:\SewNova\backend\payment-service\node_modules\router\index.js:582:12)
    at next (D:\SewNova\backend\payment-service\node_modules\router\index.js:291:5)
createOrder error: Error: Razorpay keys missing: set RAZORPAY_KEY_ID and RAZORPAY_KEY_SECRET in environment
    at getRazorpay (D:\SewNova\backend\payment-service\config\razorpay.js:8:11)
    at exports.createOrder (D:\SewNova\backend\payment-service\controllers\paymentController.js:24:22)
    at Layer.handleRequest (D:\SewNova\backend\payment-service\node_modules\router\lib\layer.js:152:17)
    at next (D:\SewNova\backend\payment-service\node_modules\router\lib\route.js:157:13)
    at Route.dispatch (D:\SewNova\backend\payment-service\node_modules\router\lib\route.js:117:3)
    at handle (D:\SewNova\backend\payment-service\node_modules\router\index.js:435:11)
    at Layer.handleRequest (D:\SewNova\backend\payment-service\node_modules\router\lib\layer.js:152:17)
    at D:\SewNova\backend\payment-service\node_modules\router\index.js:295:15
    at processParams (D:\SewNova\backend\payment-service\node_modules\router\index.js:582:12)
    at next (D:\SewNova\backend\payment-service\node_modules\router\index.js:291:5)
createOrder error: Error: Razorpay keys missing: set RAZORPAY_KEY_ID and RAZORPAY_KEY_SECRET in environment
    at getRazorpay (D:\SewNova\backend\payment-service\config\razorpay.js:8:11)
    at exports.createOrder (D:\SewNova\backend\payment-service\controllers\paymentController.js:24:22)
    at Layer.handleRequest (D:\SewNova\backend\payment-service\node_modules\router\lib\layer.js:152:17)
    at next (D:\SewNova\backend\payment-service\node_modules\router\lib\route.js:157:13)
    at Route.dispatch (D:\SewNova\backend\payment-service\node_modules\router\lib\route.js:117:3)
    at handle (D:\SewNova\backend\payment-service\node_modules\router\index.js:435:11)
    at Layer.handleRequest (D:\SewNova\backend\payment-service\node_modules\router\lib\layer.js:152:17)
    at D:\SewNova\backend\payment-service\node_modules\router\index.js:295:15
    at processParams (D:\SewNova\backend\payment-service\node_modules\router\index.js:582:12)
    at next (D:\SewNova\backend\payment-service\node_modules\router\index.js:291:5)
createOrder error: Error: Razorpay keys missing: set RAZORPAY_KEY_ID and RAZORPAY_KEY_SECRET in environment
    at getRazorpay (D:\SewNova\backend\payment-service\config\razorpay.js:8:11)
    at exports.createOrder (D:\SewNova\backend\payment-service\controllers\paymentController.js:24:22)
    at Layer.handleRequest (D:\SewNova\backend\payment-service\node_modules\router\lib\layer.js:152:17)
    at next (D:\SewNova\backend\payment-service\node_modules\router\lib\route.js:157:13)
    at Route.dispatch (D:\SewNova\backend\payment-service\node_modules\router\lib\route.js:117:3)
    at handle (D:\SewNova\backend\payment-service\node_modules\router\index.js:435:11)
    at Layer.handleRequest (D:\SewNova\backend\payment-service\node_modules\router\lib\layer.js:152:17)
    at D:\SewNova\backend\payment-service\node_modules\router\index.js:295:15
    at processParams (D:\SewNova\backend\payment-service\node_modules\router\index.js:582:12)
    at next (D:\SewNova\backend\payment-service\node_modules\router\index.js:291:5)
createOrder error: Error: Razorpay keys missing: set RAZORPAY_KEY_ID and RAZORPAY_KEY_SECRET in environment
    at getRazorpay (D:\SewNova\backend\payment-service\config\razorpay.js:8:11)
    at exports.createOrder (D:\SewNova\backend\payment-service\controllers\paymentController.js:24:22)
    at Layer.handleRequest (D:\SewNova\backend\payment-service\node_modules\router\lib\layer.js:152:17)
    at next (D:\SewNova\backend\payment-service\node_modules\router\lib\route.js:157:13)
    at Route.dispatch (D:\SewNova\backend\payment-service\node_modules\router\lib\route.js:117:3)
    at handle (D:\SewNova\backend\payment-service\node_modules\router\index.js:435:11)
    at Layer.handleRequest (D:\SewNova\backend\payment-service\node_modules\router\lib\layer.js:152:17)
    at D:\SewNova\backend\payment-service\node_modules\router\index.js:295:15
    at processParams (D:\SewNova\backend\payment-service\node_modules\router\index.js:582:12)
    at next (D:\SewNova\backend\payment-service\node_modules\router\index.js:291:5)
createOrder error: Error: Razorpay keys missing: set RAZORPAY_KEY_ID and RAZORPAY_KEY_SECRET in environment
    at getRazorpay (D:\SewNova\backend\payment-service\config\razorpay.js:8:11)
    at exports.createOrder (D:\SewNova\backend\payment-service\controllers\paymentController.js:24:22)
    at Layer.handleRequest (D:\SewNova\backend\payment-service\node_modules\router\lib\layer.js:152:17)
    at next (D:\SewNova\backend\payment-service\node_modules\router\lib\route.js:157:13)
    at Route.dispatch (D:\SewNova\backend\payment-service\node_modules\router\lib\route.js:117:3)
    at handle (D:\SewNova\backend\payment-service\node_modules\router\index.js:435:11)
    at Layer.handleRequest (D:\SewNova\backend\payment-service\node_modules\router\lib\layer.js:152:17)
    at D:\SewNova\backend\payment-service\node_modules\router\index.js:295:15
    at processParams (D:\SewNova\backend\payment-service\node_modules\router\index.js:582:12)
    at next (D:\SewNova\backend\payment-service\node_modules\router\index.js:291:5)
createOrder error: Error: Razorpay keys missing: set RAZORPAY_KEY_ID and RAZORPAY_KEY_SECRET in environment
    at getRazorpay (D:\SewNova\backend\payment-service\config\razorpay.js:8:11)
    at exports.createOrder (D:\SewNova\backend\payment-service\controllers\paymentController.js:24:22)
    at Layer.handleRequest (D:\SewNova\backend\payment-service\node_modules\router\lib\layer.js:152:17)
    at next (D:\SewNova\backend\payment-service\node_modules\router\lib\route.js:157:13)
    at Route.dispatch (D:\SewNova\backend\payment-service\node_modules\router\lib\route.js:117:3)
    at handle (D:\SewNova\backend\payment-service\node_modules\router\index.js:435:11)
    at Layer.handleRequest (D:\SewNova\backend\payment-service\node_modules\router\lib\layer.js:152:17)
    at D:\SewNova\backend\payment-service\node_modules\router\index.js:295:15
    at processParams (D:\SewNova\backend\payment-service\node_modules\router\index.js:582:12)
    at next (D:\SewNova\backend\payment-service\node_modules\router\index.js:291:5)
createOrder error: Error: Razorpay keys missing: set RAZORPAY_KEY_ID and RAZORPAY_KEY_SECRET in environment
    at getRazorpay (D:\SewNova\backend\payment-service\config\razorpay.js:8:11)
    at exports.createOrder (D:\SewNova\backend\payment-service\controllers\paymentController.js:24:22)
    at Layer.handleRequest (D:\SewNova\backend\payment-service\node_modules\router\lib\layer.js:152:17)
    at next (D:\SewNova\backend\payment-service\node_modules\router\lib\route.js:157:13)
    at Route.dispatch (D:\SewNova\backend\payment-service\node_modules\router\lib\route.js:117:3)
    at handle (D:\SewNova\backend\payment-service\node_modules\router\index.js:435:11)
    at Layer.handleRequest (D:\SewNova\backend\payment-service\node_modules\router\lib\layer.js:152:17)
    at D:\SewNova\backend\payment-service\node_modules\router\index.js:295:15
    at processParams (D:\SewNova\backend\payment-service\node_modules\router\index.js:582:12)
    at next (D:\SewNova\backend\payment-service\node_modules\router\index.js:291:5)
createOrder error: Error: Razorpay keys missing: set RAZORPAY_KEY_ID and RAZORPAY_KEY_SECRET in environment
    at getRazorpay (D:\SewNova\backend\payment-service\config\razorpay.js:8:11)
    at exports.createOrder (D:\SewNova\backend\payment-service\controllers\paymentController.js:24:22)
    at Layer.handleRequest (D:\SewNova\backend\payment-service\node_modules\router\lib\layer.js:152:17)
    at next (D:\SewNova\backend\payment-service\node_modules\router\lib\route.js:157:13)
    at Route.dispatch (D:\SewNova\backend\payment-service\node_modules\router\lib\route.js:117:3)
    at handle (D:\SewNova\backend\payment-service\node_modules\router\index.js:435:11)
    at Layer.handleRequest (D:\SewNova\backend\payment-service\node_modules\router\lib\layer.js:152:17)
    at D:\SewNova\backend\payment-service\node_modules\router\index.js:295:15
    at processParams (D:\SewNova\backend\payment-service\node_modules\router\index.js:582:12)
    at next (D:\SewNova\backend\payment-service\node_modules\router\index.js:291:5)
createOrder error: Error: Razorpay keys missing: set RAZORPAY_KEY_ID and RAZORPAY_KEY_SECRET in environment
    at getRazorpay (D:\SewNova\backend\payment-service\config\razorpay.js:8:11)
    at exports.createOrder (D:\SewNova\backend\payment-service\controllers\paymentController.js:24:22)
    at Layer.handleRequest (D:\SewNova\backend\payment-service\node_modules\router\lib\layer.js:152:17)
    at next (D:\SewNova\backend\payment-service\node_modules\router\lib\route.js:157:13)
    at Route.dispatch (D:\SewNova\backend\payment-service\node_modules\router\lib\route.js:117:3)
    at handle (D:\SewNova\backend\payment-service\node_modules\router\index.js:435:11)
    at Layer.handleRequest (D:\SewNova\backend\payment-service\node_modules\router\lib\layer.js:152:17)
    at D:\SewNova\backend\payment-service\node_modules\router\index.js:295:15
    at processParams (D:\SewNova\backend\payment-service\node_modules\router\index.js:582:12)
    at next (D:\SewNova\backend\payment-service\node_modules\router\index.js:291:5)
createOrder error: Error: Razorpay keys missing: set RAZORPAY_KEY_ID and RAZORPAY_KEY_SECRET in environment
    at getRazorpay (D:\SewNova\backend\payment-service\config\razorpay.js:8:11)
    at exports.createOrder (D:\SewNova\backend\payment-service\controllers\paymentController.js:24:22)
    at Layer.handleRequest (D:\SewNova\backend\payment-service\node_modules\router\lib\layer.js:152:17)
    at next (D:\SewNova\backend\payment-service\node_modules\router\lib\route.js:157:13)
    at Route.dispatch (D:\SewNova\backend\payment-service\node_modules\router\lib\route.js:117:3)
    at handle (D:\SewNova\backend\payment-service\node_modules\router\index.js:435:11)
    at Layer.handleRequest (D:\SewNova\backend\payment-service\node_modules\router\lib\layer.js:152:17)
    at D:\SewNova\backend\payment-service\node_modules\router\index.js:295:15
    at processParams (D:\SewNova\backend\payment-service\node_modules\router\index.js:582:12)
    at next (D:\SewNova\backend\payment-service\node_modules\router\index.js:291:5)
createOrder error: Error: Razorpay keys missing: set RAZORPAY_KEY_ID and RAZORPAY_KEY_SECRET in environment
    at getRazorpay (D:\SewNova\backend\payment-service\config\razorpay.js:8:11)
    at exports.createOrder (D:\SewNova\backend\payment-service\controllers\paymentController.js:24:22)
    at Layer.handleRequest (D:\SewNova\backend\payment-service\node_modules\router\lib\layer.js:152:17)
    at next (D:\SewNova\backend\payment-service\node_modules\router\lib\route.js:157:13)
    at Route.dispatch (D:\SewNova\backend\payment-service\node_modules\router\lib\route.js:117:3)
    at handle (D:\SewNova\backend\payment-service\node_modules\router\index.js:435:11)
    at Layer.handleRequest (D:\SewNova\backend\payment-service\node_modules\router\lib\layer.js:152:17)
    at D:\SewNova\backend\payment-service\node_modules\router\index.js:295:15
    at processParams (D:\SewNova\backend\payment-service\node_modules\router\index.js:582:12)
    at next (D:\SewNova\backend\payment-service\node_modules\router\index.js:291:5)
createOrder error: Error: Razorpay keys missing: set RAZORPAY_KEY_ID and RAZORPAY_KEY_SECRET in environment
    at getRazorpay (D:\SewNova\backend\payment-service\config\razorpay.js:8:11)
    at exports.createOrder (D:\SewNova\backend\payment-service\controllers\paymentController.js:24:22)
    at Layer.handleRequest (D:\SewNova\backend\payment-service\node_modules\router\lib\layer.js:152:17)
    at next (D:\SewNova\backend\payment-service\node_modules\router\lib\route.js:157:13)
    at Route.dispatch (D:\SewNova\backend\payment-service\node_modules\router\lib\route.js:117:3)
    at handle (D:\SewNova\backend\payment-service\node_modules\router\index.js:435:11)
    at Layer.handleRequest (D:\SewNova\backend\payment-service\node_modules\router\lib\layer.js:152:17)
    at D:\SewNova\backend\payment-service\node_modules\router\index.js:295:15
    at processParams (D:\SewNova\backend\payment-service\node_modules\router\index.js:582:12)
    at next (D:\SewNova\backend\payment-service\node_modules\router\index.js:291:5)
createOrder error: Error: Razorpay keys missing: set RAZORPAY_KEY_ID and RAZORPAY_KEY_SECRET in environment
    at getRazorpay (D:\SewNova\backend\payment-service\config\razorpay.js:8:11)
    at exports.createOrder (D:\SewNova\backend\payment-service\controllers\paymentController.js:24:22)
    at Layer.handleRequest (D:\SewNova\backend\payment-service\node_modules\router\lib\layer.js:152:17)
    at next (D:\SewNova\backend\payment-service\node_modules\router\lib\route.js:157:13)
    at Route.dispatch (D:\SewNova\backend\payment-service\node_modules\router\lib\route.js:117:3)
    at handle (D:\SewNova\backend\payment-service\node_modules\router\index.js:435:11)
    at Layer.handleRequest (D:\SewNova\backend\payment-service\node_modules\router\lib\layer.js:152:17)
    at D:\SewNova\backend\payment-service\node_modules\router\index.js:295:15
    at processParams (D:\SewNova\backend\payment-service\node_modules\router\index.js:582:12)
    at next (D:\SewNova\backend\payment-service\node_modules\router\index.js:291:5)
createOrder error: Error: Razorpay keys missing: set RAZORPAY_KEY_ID and RAZORPAY_KEY_SECRET in environment
    at getRazorpay (D:\SewNova\backend\payment-service\config\razorpay.js:8:11)
    at exports.createOrder (D:\SewNova\backend\payment-service\controllers\paymentController.js:24:22)
    at Layer.handleRequest (D:\SewNova\backend\payment-service\node_modules\router\lib\layer.js:152:17)
    at next (D:\SewNova\backend\payment-service\node_modules\router\lib\route.js:157:13)
    at Route.dispatch (D:\SewNova\backend\payment-service\node_modules\router\lib\route.js:117:3)
    at handle (D:\SewNova\backend\payment-service\node_modules\router\index.js:435:11)
    at Layer.handleRequest (D:\SewNova\backend\payment-service\node_modules\router\lib\layer.js:152:17)
    at D:\SewNova\backend\payment-service\node_modules\router\index.js:295:15
    at processParams (D:\SewNova\backend\payment-service\node_modules\router\index.js:582:12)
    at next (D:\SewNova\backend\payment-service\node_modules\router\index.js:291:5)
